<?xml version="1.0" encoding="UTF-8"?>
<testng-results skipped="0" failed="0" ignored="0" total="2" passed="2">
  <reporter-output>
  </reporter-output>
  <suite name="NetBankingGuru" duration-ms="23694" started-at="2022-07-28T07:54:37Z" finished-at="2022-07-28T07:55:01Z">
    <groups>
    </groups>
    <test name="Banking" duration-ms="23694" started-at="2022-07-28T07:54:37Z" finished-at="2022-07-28T07:55:01Z">
      <class name="com.netbankingGuru.testCases.TC_LoginTest_DDT_02">
        <test-method status="PASS" signature="setup(java.lang.String)[pri:0, instance:com.netbankingGuru.testCases.TC_LoginTest_DDT_02@568bf312]" name="setup" is-config="true" duration-ms="9932" started-at="2022-07-28T15:54:38Z" finished-at="2022-07-28T15:54:48Z">
          <params>
            <param index="0">
              <value>
                <![CDATA[chrome]]>
              </value>
            </param>
          </params>
          <reporter-output>
          </reporter-output>
        </test-method> <!-- setup -->
        <test-method status="PASS" signature="login_ddt(java.lang.String, java.lang.String)[pri:0, instance:com.netbankingGuru.testCases.TC_LoginTest_DDT_02@568bf312]" name="login_ddt" duration-ms="6510" started-at="2022-07-28T15:54:50Z" data-provider="loginData" finished-at="2022-07-28T15:54:56Z">
          <params>
            <param index="0">
              <value>
                <![CDATA[mngr426150]]>
              </value>
            </param>
            <param index="1">
              <value>
                <![CDATA[jArymEz]]>
              </value>
            </param>
          </params>
          <reporter-output>
          </reporter-output>
        </test-method> <!-- login_ddt -->
        <test-method status="PASS" signature="login_ddt(java.lang.String, java.lang.String)[pri:0, instance:com.netbankingGuru.testCases.TC_LoginTest_DDT_02@568bf312]" name="login_ddt" duration-ms="3950" started-at="2022-07-28T15:54:56Z" data-provider="loginData" finished-at="2022-07-28T15:55:00Z">
          <params>
            <param index="0">
              <value>
                <![CDATA[mngr426150]]>
              </value>
            </param>
            <param index="1">
              <value>
                <![CDATA[jArymEz]]>
              </value>
            </param>
          </params>
          <reporter-output>
          </reporter-output>
        </test-method> <!-- login_ddt -->
        <test-method status="PASS" signature="tearDown()[pri:0, instance:com.netbankingGuru.testCases.TC_LoginTest_DDT_02@568bf312]" name="tearDown" is-config="true" duration-ms="868" started-at="2022-07-28T15:55:00Z" finished-at="2022-07-28T15:55:01Z">
          <reporter-output>
          </reporter-output>
        </test-method> <!-- tearDown -->
      </class> <!-- com.netbankingGuru.testCases.TC_LoginTest_DDT_02 -->
    </test> <!-- Banking -->
  </suite> <!-- NetBankingGuru -->
</testng-results>
